[2026-06-18 21:39:42] ########## 任务开始 ##########
[2026-06-18 21:39:42] 日志文件：logs/run_all_20260618_213942.log
[2026-06-18 21:39:42] ==================== 开始收藏夹 [ai] ====================
[2026-06-18 21:39:42] [ai] 步骤1/4 抓取帖子 ...
node:events:496
      throw er; // Unhandled 'error' event
      ^

Error: write EPIPE
    at afterWriteDispatched (node:internal/stream_base_commons:160:15)
    at writeGeneric (node:internal/stream_base_commons:151:3)
    at Socket._writeGeneric (node:net:952:11)
    at Socket._write (node:net:964:8)
    at writeOrBuffer (node:internal/streams/writable:564:12)
    at _write (node:internal/streams/writable:493:10)
    at Writable.write (node:internal/streams/writable:502:10)
    at PipeTransport.send (/Users/severusma/miniconda3/envs/xhs-summary/lib/python3.11/site-packages/playwright/driver/package/lib/protocol/transport.js:51:21)
    at dispatcherConnection.onmessage (/Users/severusma/miniconda3/envs/xhs-summary/lib/python3.11/site-packages/playwright/driver/package/lib/cli/driver.js:61:57)
    at DispatcherConnection.sendEvent (/Users/severusma/miniconda3/envs/xhs-summary/lib/python3.11/site-packages/playwright/driver/package/lib/server/dispatchers/dispatcher.js:178:10)
Emitted 'error' event on Socket instance at:
    at emitErrorNT (node:internal/streams/destroy:169:8)
    at emitErrorCloseNT (node:internal/streams/destroy:128:3)
    at processTicksAndRejections (node:internal/process/task_queues:82:21)
    at runNextTicks (node:internal/process/task_queues:64:3)
    at process.processImmediate (node:internal/timers:449:9) {
  errno: -32,
  code: 'EPIPE',
  syscall: 'write'
}

Node.js v20.12.2
